# JRE version: Java(TM) SE Runtime Environment (8.0_121-b13) (build 1.8.0_121-b13)
# Java VM: Java HotSpot(TM) 64-Bit Server VM (25.121-b13 mixed mode linux-amd64 compressed oops)
Heap:
 PSYoungGen      total 565248K, used 510562K [0x00000000d5580000, 0x0000000100000000, 0x0000000100000000)
  eden space 521728K, 89% used [0x00000000d5580000,0x00000000f1d9d808,0x00000000f5300000)
  from space 43520K, 99% used [0x00000000fd580000,0x00000000ffffb2f0,0x0000000100000000)
  to   space 88576K, 0% used [0x00000000f5300000,0x00000000f5300000,0x00000000fa980000)
 ParOldGen       total 864768K, used 360641K [0x0000000080000000, 0x00000000b4c80000, 0x00000000d5580000)
  object space 864768K, 41% used [0x0000000080000000,0x00000000960306f8,0x00000000b4c80000)
 Metaspace       used 5478K, capacity 5636K, committed 5888K, reserved 1056768K
  class space    used 603K, capacity 666K, committed 768K, reserved 1048576K
GC Heap History (10 events):
Event: 0.625 GC heap before
{Heap before GC invocations=3 (full 1):
 PSYoungGen      total 567808K, used 1632K [0x00000000d5580000, 0x00000000faa80000, 0x0000000100000000)
  eden space 524288K, 0% used [0x00000000d5580000,0x00000000d5580000,0x00000000f5580000)
  from space 43520K, 3% used [0x00000000f8000000,0x00000000f8198030,0x00000000faa80000)
  to   space 43520K, 0% used [0x00000000f5580000,0x00000000f5580000,0x00000000f8000000)
 ParOldGen       total 699392K, used 469957K [0x0000000080000000, 0x00000000aab00000, 0x00000000d5580000)
  object space 699392K, 67% used [0x0000000080000000,0x000000009caf1540,0x00000000aab00000)
 Metaspace       used 3984K, capacity 4992K, committed 5120K, reserved 1056768K
  class space    used 444K, capacity 496K, committed 512K, reserved 1048576K
Event: 0.653 GC heap after
Heap after GC invocations=3 (full 1):
 PSYoungGen      total 567808K, used 0K [0x00000000d5580000, 0x00000000faa80000, 0x0000000100000000)
  eden space 524288K, 0% used [0x00000000d5580000,0x00000000d5580000,0x00000000f5580000)
  from space 43520K, 0% used [0x00000000f8000000,0x00000000f8000000,0x00000000faa80000)
  to   space 43520K, 0% used [0x00000000f5580000,0x00000000f5580000,0x00000000f8000000)
 ParOldGen       total 864768K, used 273071K [0x0000000080000000, 0x00000000b4c80000, 0x00000000d5580000)
  object space 864768K, 31% used [0x0000000080000000,0x0000000090aabf50,0x00000000b4c80000)
 Metaspace       used 3984K, capacity 4992K, committed 5120K, reserved 1056768K
  class space    used 444K, capacity 496K, committed 512K, reserved 1048576K
}
Event: 19.500 GC heap before
{Heap before GC invocations=4 (full 1):
 PSYoungGen      total 567808K, used 524288K [0x00000000d5580000, 0x00000000faa80000, 0x0000000100000000)
  eden space 524288K, 100% used [0x00000000d5580000,0x00000000f5580000,0x00000000f5580000)
  from space 43520K, 0% used [0x00000000f8000000,0x00000000f8000000,0x00000000faa80000)
  to   space 43520K, 0% used [0x00000000f5580000,0x00000000f5580000,0x00000000f8000000)
 ParOldGen       total 864768K, used 273071K [0x0000000080000000, 0x00000000b4c80000, 0x00000000d5580000)
  object space 864768K, 31% used [0x0000000080000000,0x0000000090aabf50,0x00000000b4c80000)
 Metaspace       used 5473K, capacity 5636K, committed 5888K, reserved 1056768K
  class space    used 603K, capacity 666K, committed 768K, reserved 1048576K
Event: 19.527 GC heap after
Heap after GC invocations=4 (full 1):
 PSYoungGen      total 567808K, used 43500K [0x00000000d5580000, 0x0000000100000000, 0x0000000100000000)
  eden space 524288K, 0% used [0x00000000d5580000,0x00000000d5580000,0x00000000f5580000)
  from space 43520K, 99% used [0x00000000f5580000,0x00000000f7ffb2f0,0x00000000f8000000)
  to   space 43520K, 0% used [0x00000000fd580000,0x00000000fd580000,0x0000000100000000)
 ParOldGen       total 864768K, used 360537K [0x0000000080000000, 0x00000000b4c80000, 0x00000000d5580000)
  object space 864768K, 41% used [0x0000000080000000,0x00000000960166f8,0x00000000b4c80000)
 Metaspace       used 5473K, capacity 5636K, committed 5888K, reserved 1056768K
  class space    used 603K, capacity 666K, committed 768K, reserved 1048576K
}
Event: 55.273 GC heap before
{Heap before GC invocations=5 (full 1):
 PSYoungGen      total 567808K, used 567788K [0x00000000d5580000, 0x0000000100000000, 0x0000000100000000)
  eden space 524288K, 100% used [0x00000000d5580000,0x00000000f5580000,0x00000000f5580000)
  from space 43520K, 99% used [0x00000000f5580000,0x00000000f7ffb2f0,0x00000000f8000000)
  to   space 43520K, 0% used [0x00000000fd580000,0x00000000fd580000,0x0000000100000000)
 ParOldGen       total 864768K, used 360537K [0x0000000080000000, 0x00000000b4c80000, 0x00000000d5580000)
  object space 864768K, 41% used [0x0000000080000000,0x00000000960166f8,0x00000000b4c80000)
 Metaspace       used 5478K, capacity 5636K, committed 5888K, reserved 1056768K
  class space    used 603K, capacity 666K, committed 768K, reserved 1048576K
Event: 55.286 GC heap after
Heap after GC invocations=5 (full 1):
 PSYoungGen      total 655360K, used 43500K [0x00000000d5580000, 0x0000000100000000, 0x0000000100000000)
  eden space 611840K, 0% used [0x00000000d5580000,0x00000000d5580000,0x00000000fab00000)
  from space 43520K, 99% used [0x00000000fd580000,0x00000000ffffb2f0,0x0000000100000000)
  to   space 43520K, 0% used [0x00000000fab00000,0x00000000fab00000,0x00000000fd580000)
 ParOldGen       total 864768K, used 360625K [0x0000000080000000, 0x00000000b4c80000, 0x00000000d5580000)
  object space 864768K, 41% used [0x0000000080000000,0x000000009602c6f8,0x00000000b4c80000)
 Metaspace       used 5478K, capacity 5636K, committed 5888K, reserved 1056768K
  class space    used 603K, capacity 666K, committed 768K, reserved 1048576K
}
Event: 97.067 GC heap before
{Heap before GC invocations=6 (full 1):
 PSYoungGen      total 655360K, used 655340K [0x00000000d5580000, 0x0000000100000000, 0x0000000100000000)
  eden space 611840K, 100% used [0x00000000d5580000,0x00000000fab00000,0x00000000fab00000)
  from space 43520K, 99% used [0x00000000fd580000,0x00000000ffffb2f0,0x0000000100000000)
  to   space 43520K, 0% used [0x00000000fab00000,0x00000000fab00000,0x00000000fd580000)
 ParOldGen       total 864768K, used 360625K [0x0000000080000000, 0x00000000b4c80000, 0x00000000d5580000)
  object space 864768K, 41% used [0x0000000080000000,0x000000009602c6f8,0x00000000b4c80000)
 Metaspace       used 5478K, capacity 5636K, committed 5888K, reserved 1056768K
  class space    used 603K, capacity 666K, committed 768K, reserved 1048576K
Event: 97.081 GC heap after
Heap after GC invocations=6 (full 1):
 PSYoungGen      total 655360K, used 43500K [0x00000000d5580000, 0x0000000100000000, 0x0000000100000000)
  eden space 611840K, 0% used [0x00000000d5580000,0x00000000d5580000,0x00000000fab00000)
  from space 43520K, 99% used [0x00000000fab00000,0x00000000fd57b2f0,0x00000000fd580000)
  to   space 43520K, 0% used [0x00000000fd580000,0x00000000fd580000,0x0000000100000000)
 ParOldGen       total 864768K, used 360633K [0x0000000080000000, 0x00000000b4c80000, 0x00000000d5580000)
  object space 864768K, 41% used [0x0000000080000000,0x000000009602e6f8,0x00000000b4c80000)
 Metaspace       used 5478K, capacity 5636K, committed 5888K, reserved 1056768K
  class space    used 603K, capacity 666K, committed 768K, reserved 1048576K
}
Event: 139.093 GC heap before
{Heap before GC invocations=7 (full 1):
 PSYoungGen      total 655360K, used 655340K [0x00000000d5580000, 0x0000000100000000, 0x0000000100000000)
  eden space 611840K, 100% used [0x00000000d5580000,0x00000000fab00000,0x00000000fab00000)
  from space 43520K, 99% used [0x00000000fab00000,0x00000000fd57b2f0,0x00000000fd580000)
  to   space 43520K, 0% used [0x00000000fd580000,0x00000000fd580000,0x0000000100000000)
 ParOldGen       total 864768K, used 360633K [0x0000000080000000, 0x00000000b4c80000, 0x00000000d5580000)
  object space 864768K, 41% used [0x0000000080000000,0x000000009602e6f8,0x00000000b4c80000)
 Metaspace       used 5478K, capacity 5636K, committed 5888K, reserved 1056768K
  class space    used 603K, capacity 666K, committed 768K, reserved 1048576K
Event: 139.104 GC heap after
Heap after GC invocations=7 (full 1):
 PSYoungGen      total 565248K, used 43500K [0x00000000d5580000, 0x0000000100000000, 0x0000000100000000)
  eden space 521728K, 0% used [0x00000000d5580000,0x00000000d5580000,0x00000000f5300000)
  from space 43520K, 99% used [0x00000000fd580000,0x00000000ffffb2f0,0x0000000100000000)
  to   space 88576K, 0% used [0x00000000f5300000,0x00000000f5300000,0x00000000fa980000)
 ParOldGen       total 864768K, used 360641K [0x0000000080000000, 0x00000000b4c80000, 0x00000000d5580000)
  object space 864768K, 41% used [0x0000000080000000,0x00000000960306f8,0x00000000b4c80000)
 Metaspace       used 5478K, capacity 5636K, committed 5888K, reserved 1056768K
  class space    used 603K, capacity 666K, committed 768K, reserved 1048576K
}

