# JRE version: Java(TM) SE Runtime Environment (8.0_121-b13) (build 1.8.0_121-b13)
# Java VM: Java HotSpot(TM) 64-Bit Server VM (25.121-b13 mixed mode linux-amd64 compressed oops)
Heap:
 PSYoungGen      total 565248K, used 500456K [0x00000000d5580000, 0x0000000100000000, 0x0000000100000000)
  eden space 521728K, 87% used [0x00000000d5580000,0x00000000f13bfc58,0x00000000f5300000)
  from space 43520K, 99% used [0x00000000fd580000,0x00000000ffffa3c8,0x0000000100000000)
  to   space 88576K, 0% used [0x00000000f5300000,0x00000000f5300000,0x00000000fa980000)
 ParOldGen       total 878080K, used 360693K [0x0000000080000000, 0x00000000b5980000, 0x00000000d5580000)
  object space 878080K, 41% used [0x0000000080000000,0x000000009603d620,0x00000000b5980000)
 Metaspace       used 5477K, capacity 5636K, committed 5888K, reserved 1056768K
  class space    used 603K, capacity 666K, committed 768K, reserved 1048576K
GC Heap History (10 events):
Event: 0.662 GC heap before
{Heap before GC invocations=3 (full 1):
 PSYoungGen      total 567808K, used 1600K [0x00000000d5580000, 0x00000000faa80000, 0x0000000100000000)
  eden space 524288K, 0% used [0x00000000d5580000,0x00000000d5580000,0x00000000f5580000)
  from space 43520K, 3% used [0x00000000f8000000,0x00000000f8190030,0x00000000faa80000)
  to   space 43520K, 0% used [0x00000000f5580000,0x00000000f5580000,0x00000000f8000000)
 ParOldGen       total 699392K, used 469965K [0x0000000080000000, 0x00000000aab00000, 0x00000000d5580000)
  object space 699392K, 67% used [0x0000000080000000,0x000000009caf3540,0x00000000aab00000)
 Metaspace       used 3985K, capacity 4992K, committed 5120K, reserved 1056768K
  class space    used 444K, capacity 496K, committed 512K, reserved 1048576K
Event: 0.697 GC heap after
Heap after GC invocations=3 (full 1):
 PSYoungGen      total 567808K, used 0K [0x00000000d5580000, 0x00000000faa80000, 0x0000000100000000)
  eden space 524288K, 0% used [0x00000000d5580000,0x00000000d5580000,0x00000000f5580000)
  from space 43520K, 0% used [0x00000000f8000000,0x00000000f8000000,0x00000000faa80000)
  to   space 43520K, 0% used [0x00000000f5580000,0x00000000f5580000,0x00000000f8000000)
 ParOldGen       total 878080K, used 273071K [0x0000000080000000, 0x00000000b5980000, 0x00000000d5580000)
  object space 878080K, 31% used [0x0000000080000000,0x0000000090aabf50,0x00000000b5980000)
 Metaspace       used 3985K, capacity 4992K, committed 5120K, reserved 1056768K
  class space    used 444K, capacity 496K, committed 512K, reserved 1048576K
}
Event: 49.414 GC heap before
{Heap before GC invocations=4 (full 1):
 PSYoungGen      total 567808K, used 524288K [0x00000000d5580000, 0x00000000faa80000, 0x0000000100000000)
  eden space 524288K, 100% used [0x00000000d5580000,0x00000000f5580000,0x00000000f5580000)
  from space 43520K, 0% used [0x00000000f8000000,0x00000000f8000000,0x00000000faa80000)
  to   space 43520K, 0% used [0x00000000f5580000,0x00000000f5580000,0x00000000f8000000)
 ParOldGen       total 878080K, used 273071K [0x0000000080000000, 0x00000000b5980000, 0x00000000d5580000)
  object space 878080K, 31% used [0x0000000080000000,0x0000000090aabf50,0x00000000b5980000)
 Metaspace       used 5472K, capacity 5636K, committed 5888K, reserved 1056768K
  class space    used 603K, capacity 666K, committed 768K, reserved 1048576K
Event: 49.446 GC heap after
Heap after GC invocations=4 (full 1):
 PSYoungGen      total 567808K, used 43496K [0x00000000d5580000, 0x0000000100000000, 0x0000000100000000)
  eden space 524288K, 0% used [0x00000000d5580000,0x00000000d5580000,0x00000000f5580000)
  from space 43520K, 99% used [0x00000000f5580000,0x00000000f7ffa3c8,0x00000000f8000000)
  to   space 43520K, 0% used [0x00000000fd580000,0x00000000fd580000,0x0000000100000000)
 ParOldGen       total 878080K, used 360541K [0x0000000080000000, 0x00000000b5980000, 0x00000000d5580000)
  object space 878080K, 41% used [0x0000000080000000,0x0000000096017620,0x00000000b5980000)
 Metaspace       used 5472K, capacity 5636K, committed 5888K, reserved 1056768K
  class space    used 603K, capacity 666K, committed 768K, reserved 1048576K
}
Event: 85.177 GC heap before
{Heap before GC invocations=5 (full 1):
 PSYoungGen      total 567808K, used 567784K [0x00000000d5580000, 0x0000000100000000, 0x0000000100000000)
  eden space 524288K, 100% used [0x00000000d5580000,0x00000000f5580000,0x00000000f5580000)
  from space 43520K, 99% used [0x00000000f5580000,0x00000000f7ffa3c8,0x00000000f8000000)
  to   space 43520K, 0% used [0x00000000fd580000,0x00000000fd580000,0x0000000100000000)
 ParOldGen       total 878080K, used 360541K [0x0000000080000000, 0x00000000b5980000, 0x00000000d5580000)
  object space 878080K, 41% used [0x0000000080000000,0x0000000096017620,0x00000000b5980000)
 Metaspace       used 5476K, capacity 5636K, committed 5888K, reserved 1056768K
  class space    used 603K, capacity 666K, committed 768K, reserved 1048576K
Event: 85.191 GC heap after
Heap after GC invocations=5 (full 1):
 PSYoungGen      total 655360K, used 43496K [0x00000000d5580000, 0x0000000100000000, 0x0000000100000000)
  eden space 611840K, 0% used [0x00000000d5580000,0x00000000d5580000,0x00000000fab00000)
  from space 43520K, 99% used [0x00000000fd580000,0x00000000ffffa3c8,0x0000000100000000)
  to   space 43520K, 0% used [0x00000000fab00000,0x00000000fab00000,0x00000000fd580000)
 ParOldGen       total 878080K, used 360605K [0x0000000080000000, 0x00000000b5980000, 0x00000000d5580000)
  object space 878080K, 41% used [0x0000000080000000,0x0000000096027620,0x00000000b5980000)
 Metaspace       used 5476K, capacity 5636K, committed 5888K, reserved 1056768K
  class space    used 603K, capacity 666K, committed 768K, reserved 1048576K
}
Event: 125.839 GC heap before
{Heap before GC invocations=6 (full 1):
 PSYoungGen      total 655360K, used 655336K [0x00000000d5580000, 0x0000000100000000, 0x0000000100000000)
  eden space 611840K, 100% used [0x00000000d5580000,0x00000000fab00000,0x00000000fab00000)
  from space 43520K, 99% used [0x00000000fd580000,0x00000000ffffa3c8,0x0000000100000000)
  to   space 43520K, 0% used [0x00000000fab00000,0x00000000fab00000,0x00000000fd580000)
 ParOldGen       total 878080K, used 360605K [0x0000000080000000, 0x00000000b5980000, 0x00000000d5580000)
  object space 878080K, 41% used [0x0000000080000000,0x0000000096027620,0x00000000b5980000)
 Metaspace       used 5476K, capacity 5636K, committed 5888K, reserved 1056768K
  class space    used 603K, capacity 666K, committed 768K, reserved 1048576K
Event: 125.850 GC heap after
Heap after GC invocations=6 (full 1):
 PSYoungGen      total 655360K, used 43496K [0x00000000d5580000, 0x0000000100000000, 0x0000000100000000)
  eden space 611840K, 0% used [0x00000000d5580000,0x00000000d5580000,0x00000000fab00000)
  from space 43520K, 99% used [0x00000000fab00000,0x00000000fd57a3c8,0x00000000fd580000)
  to   space 43520K, 0% used [0x00000000fd580000,0x00000000fd580000,0x0000000100000000)
 ParOldGen       total 878080K, used 360637K [0x0000000080000000, 0x00000000b5980000, 0x00000000d5580000)
  object space 878080K, 41% used [0x0000000080000000,0x000000009602f620,0x00000000b5980000)
 Metaspace       used 5476K, capacity 5636K, committed 5888K, reserved 1056768K
  class space    used 603K, capacity 666K, committed 768K, reserved 1048576K
}
Event: 166.329 GC heap before
{Heap before GC invocations=7 (full 1):
 PSYoungGen      total 655360K, used 655336K [0x00000000d5580000, 0x0000000100000000, 0x0000000100000000)
  eden space 611840K, 100% used [0x00000000d5580000,0x00000000fab00000,0x00000000fab00000)
  from space 43520K, 99% used [0x00000000fab00000,0x00000000fd57a3c8,0x00000000fd580000)
  to   space 43520K, 0% used [0x00000000fd580000,0x00000000fd580000,0x0000000100000000)
 ParOldGen       total 878080K, used 360637K [0x0000000080000000, 0x00000000b5980000, 0x00000000d5580000)
  object space 878080K, 41% used [0x0000000080000000,0x000000009602f620,0x00000000b5980000)
 Metaspace       used 5477K, capacity 5636K, committed 5888K, reserved 1056768K
  class space    used 603K, capacity 666K, committed 768K, reserved 1048576K
Event: 166.338 GC heap after
Heap after GC invocations=7 (full 1):
 PSYoungGen      total 565248K, used 43496K [0x00000000d5580000, 0x0000000100000000, 0x0000000100000000)
  eden space 521728K, 0% used [0x00000000d5580000,0x00000000d5580000,0x00000000f5300000)
  from space 43520K, 99% used [0x00000000fd580000,0x00000000ffffa3c8,0x0000000100000000)
  to   space 88576K, 0% used [0x00000000f5300000,0x00000000f5300000,0x00000000fa980000)
 ParOldGen       total 878080K, used 360693K [0x0000000080000000, 0x00000000b5980000, 0x00000000d5580000)
  object space 878080K, 41% used [0x0000000080000000,0x000000009603d620,0x00000000b5980000)
 Metaspace       used 5477K, capacity 5636K, committed 5888K, reserved 1056768K
  class space    used 603K, capacity 666K, committed 768K, reserved 1048576K
}

